2024-09-20 02:48:15,891 [INFO] Activator:178 - 


2024-09-20 02:48:15,896 [INFO] Activator:179 - !SESSION log4j initialized
2024-09-20 02:48:17,779 [ERROR] LogOutputStream:74 - [STDERR_REDIRECT] [Fatal Error] :1:1: Premature end of file.
2024-09-20 02:48:17,779 [ERROR] LogOutputStream:74 - [STDERR_REDIRECT] 
2024-09-20 02:48:17,844 [ERROR] LogOutputStream:74 - [STDERR_REDIRECT] [Fatal Error] :1:1: Premature end of file.
2024-09-20 02:48:17,844 [ERROR] LogOutputStream:74 - [STDERR_REDIRECT] 
2024-09-20 02:48:17,919 [ERROR] LogOutputStream:74 - [STDERR_REDIRECT] [Fatal Error] :1:1: Premature end of file.
2024-09-20 02:48:17,919 [ERROR] LogOutputStream:74 - [STDERR_REDIRECT] 
2024-09-20 02:48:27,098 [INFO] ApplicationProperties:181 - Using Application install path: C:\ST\STM32CubeIDE_1.4.0\STM32CubeIDE\plugins\com.st.stm32cube.common.mx_6.0.0.202007160824
2024-09-20 02:48:27,108 [INFO] DbMcusXml:70 - Set database path to: C:\ST\STM32CubeIDE_1.4.0\STM32CubeIDE\plugins\com.st.stm32cube.common.mx_6.0.0.202007160824\\db\/mcu/
2024-09-20 02:48:27,112 [INFO] DbBoardsPdsc:56 - Set plugin database path to: C:\ST\STM32CubeIDE_1.4.0\STM32CubeIDE\plugins\com.st.stm32cube.common.mx_6.0.0.202007160824\\db\/plugins/boardmanager/
2024-09-20 02:48:27,112 [INFO] DbMcus:258 - Set plugin images path to: C:\ST\STM32CubeIDE_1.4.0\STM32CubeIDE\plugins\com.st.stm32cube.common.mx_6.0.0.202007160824\\db\/plugins/mcufinder/images/
2024-09-20 02:48:27,112 [INFO] DbBoards:264 - Set plugin images path to: C:\ST\STM32CubeIDE_1.4.0\STM32CubeIDE\plugins\com.st.stm32cube.common.mx_6.0.0.202007160824\\db\/plugins/mcufinder/images/
2024-09-20 02:48:27,112 [INFO] DbExamples:326 - Set plugin images path to: C:\ST\STM32CubeIDE_1.4.0\STM32CubeIDE\plugins\com.st.stm32cube.common.mx_6.0.0.202007160824\\db\/plugins/mcufinder/images/
2024-09-20 02:48:27,118 [INFO] DbMcusDocs:112 - Set database path to: C:\Users\mahmoud eldawakhly\.stmcufinder\plugins\mcufinder//mcu/
2024-09-20 02:48:27,118 [INFO] DbMcusJson:63 - Set database path to: C:\Users\mahmoud eldawakhly\.stmcufinder\plugins\mcufinder//mcu/
2024-09-20 02:48:27,118 [INFO] DbBoardsDocs:112 - Set database path to: C:\Users\mahmoud eldawakhly\.stmcufinder\plugins\mcufinder//mcu/
2024-09-20 02:48:27,118 [INFO] DbBoardsJson:56 - Set database path to: C:\Users\mahmoud eldawakhly\.stmcufinder\plugins\mcufinder//mcu/
2024-09-20 02:48:27,118 [INFO] CrossReferenceDbSqlite:196 - Set database path to: C:\Users\mahmoud eldawakhly\.stmcufinder\plugins\mcufinder//mcu/cs/
2024-09-20 02:48:27,128 [INFO] DbExamplesSqlite:800 - Set database path to: C:\Users\mahmoud eldawakhly\.stmcufinder\plugins\mcufinder//mcu/
2024-09-20 02:48:27,198 [INFO] RulesReader:52 - Compatibility file has been processed (209 Rules)
2024-09-20 02:48:27,289 [INFO] MicroXplorer:564 - Detected Java Version = 1.8.0_252
2024-09-20 02:48:27,289 [INFO] DbMcusXml:70 - Set database path to: C:\ST\STM32CubeIDE_1.4.0\STM32CubeIDE\plugins\com.st.stm32cube.common.mx_6.0.0.202007160824\\db\/mcu/
2024-09-20 02:48:27,289 [INFO] DbBoardsPdsc:56 - Set plugin database path to: C:\ST\STM32CubeIDE_1.4.0\STM32CubeIDE\plugins\com.st.stm32cube.common.mx_6.0.0.202007160824\\db\/plugins/boardmanager/
2024-09-20 02:48:27,289 [INFO] DbMcus:258 - Set plugin images path to: C:\ST\STM32CubeIDE_1.4.0\STM32CubeIDE\plugins\com.st.stm32cube.common.mx_6.0.0.202007160824\\db\/plugins/mcufinder/images/
2024-09-20 02:48:27,289 [INFO] DbBoards:264 - Set plugin images path to: C:\ST\STM32CubeIDE_1.4.0\STM32CubeIDE\plugins\com.st.stm32cube.common.mx_6.0.0.202007160824\\db\/plugins/mcufinder/images/
2024-09-20 02:48:27,289 [INFO] DbExamples:326 - Set plugin images path to: C:\ST\STM32CubeIDE_1.4.0\STM32CubeIDE\plugins\com.st.stm32cube.common.mx_6.0.0.202007160824\\db\/plugins/mcufinder/images/
2024-09-20 02:48:27,289 [WARN] DbFile:36 - Overriding database path with different value: C:\Users\mahmoud eldawakhly\.stmcufinder\plugins\mcufinder/ => C:\Users\mahmoud eldawakhly\.stmcufinder\plugins\mcufinder
2024-09-20 02:48:27,289 [INFO] DbMcusDocs:112 - Set database path to: C:\Users\mahmoud eldawakhly\.stmcufinder\plugins\mcufinder//mcu/
2024-09-20 02:48:27,289 [WARN] DbFile:36 - Overriding database path with different value: C:\Users\mahmoud eldawakhly\.stmcufinder\plugins\mcufinder/ => C:\Users\mahmoud eldawakhly\.stmcufinder\plugins\mcufinder
2024-09-20 02:48:27,289 [INFO] DbMcusJson:63 - Set database path to: C:\Users\mahmoud eldawakhly\.stmcufinder\plugins\mcufinder//mcu/
2024-09-20 02:48:27,289 [WARN] DbFile:36 - Overriding database path with different value: C:\Users\mahmoud eldawakhly\.stmcufinder\plugins\mcufinder/ => C:\Users\mahmoud eldawakhly\.stmcufinder\plugins\mcufinder
2024-09-20 02:48:27,289 [INFO] DbBoardsDocs:112 - Set database path to: C:\Users\mahmoud eldawakhly\.stmcufinder\plugins\mcufinder//mcu/
2024-09-20 02:48:27,289 [WARN] DbFile:36 - Overriding database path with different value: C:\Users\mahmoud eldawakhly\.stmcufinder\plugins\mcufinder/ => C:\Users\mahmoud eldawakhly\.stmcufinder\plugins\mcufinder
2024-09-20 02:48:27,289 [INFO] DbBoardsJson:56 - Set database path to: C:\Users\mahmoud eldawakhly\.stmcufinder\plugins\mcufinder//mcu/
2024-09-20 02:48:27,289 [WARN] DbFile:36 - Overriding database path with different value: C:\Users\mahmoud eldawakhly\.stmcufinder\plugins\mcufinder/ => C:\Users\mahmoud eldawakhly\.stmcufinder\plugins\mcufinder
2024-09-20 02:48:27,289 [WARN] DbFile:36 - Overriding database path with different value: C:\Users\mahmoud eldawakhly\.stmcufinder\plugins\mcufinder/ => C:\Users\mahmoud eldawakhly\.stmcufinder\plugins\mcufinder
2024-09-20 02:48:27,289 [INFO] CrossReferenceDbSqlite:196 - Set database path to: C:\Users\mahmoud eldawakhly\.stmcufinder\plugins\mcufinder//mcu/cs/
2024-09-20 02:48:27,289 [WARN] DbFile:36 - Overriding database path with different value: C:\Users\mahmoud eldawakhly\.stmcufinder\plugins\mcufinder/ => C:\Users\mahmoud eldawakhly\.stmcufinder\plugins\mcufinder
2024-09-20 02:48:27,289 [INFO] DbExamplesSqlite:800 - Set database path to: C:\Users\mahmoud eldawakhly\.stmcufinder\plugins\mcufinder//mcu/
2024-09-20 02:48:27,340 [INFO] MainPanel:189 - HeapMemory: 315621376
2024-09-20 02:48:27,412 [INFO] DbMcusXml:70 - Set database path to: C:\ST\STM32CubeIDE_1.4.0\STM32CubeIDE\plugins\com.st.stm32cube.common.mx_6.0.0.202007160824\\db\/mcu/
2024-09-20 02:48:27,412 [INFO] DbBoardsPdsc:56 - Set plugin database path to: C:\ST\STM32CubeIDE_1.4.0\STM32CubeIDE\plugins\com.st.stm32cube.common.mx_6.0.0.202007160824\\db\/plugins/boardmanager/
2024-09-20 02:48:27,412 [INFO] DbMcus:258 - Set plugin images path to: C:\ST\STM32CubeIDE_1.4.0\STM32CubeIDE\plugins\com.st.stm32cube.common.mx_6.0.0.202007160824\\db\/plugins/mcufinder/images/
2024-09-20 02:48:27,412 [INFO] DbBoards:264 - Set plugin images path to: C:\ST\STM32CubeIDE_1.4.0\STM32CubeIDE\plugins\com.st.stm32cube.common.mx_6.0.0.202007160824\\db\/plugins/mcufinder/images/
2024-09-20 02:48:27,412 [INFO] DbExamples:326 - Set plugin images path to: C:\ST\STM32CubeIDE_1.4.0\STM32CubeIDE\plugins\com.st.stm32cube.common.mx_6.0.0.202007160824\\db\/plugins/mcufinder/images/
2024-09-20 02:48:27,412 [WARN] DbFile:36 - Overriding database path with different value: C:\Users\mahmoud eldawakhly\.stmcufinder\plugins\mcufinder/ => C:\Users\mahmoud eldawakhly\.stmcufinder\plugins\mcufinder
2024-09-20 02:48:27,412 [INFO] DbMcusDocs:112 - Set database path to: C:\Users\mahmoud eldawakhly\.stmcufinder\plugins\mcufinder//mcu/
2024-09-20 02:48:27,412 [WARN] DbFile:36 - Overriding database path with different value: C:\Users\mahmoud eldawakhly\.stmcufinder\plugins\mcufinder/ => C:\Users\mahmoud eldawakhly\.stmcufinder\plugins\mcufinder
2024-09-20 02:48:27,412 [INFO] DbMcusJson:63 - Set database path to: C:\Users\mahmoud eldawakhly\.stmcufinder\plugins\mcufinder//mcu/
2024-09-20 02:48:27,412 [WARN] DbFile:36 - Overriding database path with different value: C:\Users\mahmoud eldawakhly\.stmcufinder\plugins\mcufinder/ => C:\Users\mahmoud eldawakhly\.stmcufinder\plugins\mcufinder
2024-09-20 02:48:27,412 [INFO] DbBoardsDocs:112 - Set database path to: C:\Users\mahmoud eldawakhly\.stmcufinder\plugins\mcufinder//mcu/
2024-09-20 02:48:27,412 [WARN] DbFile:36 - Overriding database path with different value: C:\Users\mahmoud eldawakhly\.stmcufinder\plugins\mcufinder/ => C:\Users\mahmoud eldawakhly\.stmcufinder\plugins\mcufinder
2024-09-20 02:48:27,412 [INFO] DbBoardsJson:56 - Set database path to: C:\Users\mahmoud eldawakhly\.stmcufinder\plugins\mcufinder//mcu/
2024-09-20 02:48:27,412 [WARN] DbFile:36 - Overriding database path with different value: C:\Users\mahmoud eldawakhly\.stmcufinder\plugins\mcufinder/ => C:\Users\mahmoud eldawakhly\.stmcufinder\plugins\mcufinder
2024-09-20 02:48:27,412 [WARN] DbFile:36 - Overriding database path with different value: C:\Users\mahmoud eldawakhly\.stmcufinder\plugins\mcufinder/ => C:\Users\mahmoud eldawakhly\.stmcufinder\plugins\mcufinder
2024-09-20 02:48:27,412 [INFO] CrossReferenceDbSqlite:196 - Set database path to: C:\Users\mahmoud eldawakhly\.stmcufinder\plugins\mcufinder//mcu/cs/
2024-09-20 02:48:27,412 [WARN] DbFile:36 - Overriding database path with different value: C:\Users\mahmoud eldawakhly\.stmcufinder\plugins\mcufinder/ => C:\Users\mahmoud eldawakhly\.stmcufinder\plugins\mcufinder
2024-09-20 02:48:27,412 [INFO] DbExamplesSqlite:800 - Set database path to: C:\Users\mahmoud eldawakhly\.stmcufinder\plugins\mcufinder//mcu/
2024-09-20 02:48:27,420 [INFO] ApplicationProperties:181 - Using Application install path: C:\ST\STM32CubeIDE_1.4.0\STM32CubeIDE\plugins\com.st.stm32cube.common.mx_6.0.0.202007160824
2024-09-20 02:48:27,430 [INFO] PluginManage:178 - Search for loadable plugins [exclusion list=, ]
2024-09-20 02:48:27,430 [INFO] PluginManage:292 - Check plugin analytics
2024-09-20 02:48:27,541 [INFO] AnalyticsPlugin:203 - Accepted Software Licenses: 
2024-09-20 02:48:27,551 [INFO] AnalyticsPlugin:205 - Accepted CMSIS Pack Licenses: 
2024-09-20 02:48:27,551 [INFO] AnalyticsPlugin:207 - Accepted Firmware Licenses: 
2024-09-20 02:48:27,551 [INFO] PluginManage:342 - Loaded plugin analytics (category:tool,tabindex:-1)
2024-09-20 02:48:27,551 [INFO] PluginManage:292 - Check plugin clock
2024-09-20 02:48:27,561 [INFO] PluginManage:342 - Loaded plugin clock (category:base,tabindex:2)
2024-09-20 02:48:27,561 [INFO] PluginManage:292 - Check plugin ddr
2024-09-20 02:48:27,561 [INFO] PluginManage:342 - Loaded plugin ddr (category:tool,tabindex:6)
2024-09-20 02:48:27,561 [INFO] PluginManage:292 - Check plugin filemanager
2024-09-20 02:48:27,651 [INFO] PluginManage:342 - Loaded plugin filemanager (category:base,tabindex:10)
2024-09-20 02:48:27,651 [INFO] PluginManage:292 - Check plugin ipmanager
2024-09-20 02:48:27,662 [INFO] PluginManage:342 - Loaded plugin ipmanager (category:base,tabindex:5)
2024-09-20 02:48:27,662 [INFO] PluginManage:292 - Check plugin pinoutandconfiguration
2024-09-20 02:48:27,672 [INFO] PluginManage:342 - Loaded plugin pinoutandconfiguration (category:base,tabindex:1)
2024-09-20 02:48:27,672 [INFO] PluginManage:292 - Check plugin pinoutconfig
2024-09-20 02:48:27,682 [ERROR] LogOutputStream:74 - [STDERR_REDIRECT] [Fatal Error] :1:1: Premature end of file.
2024-09-20 02:48:27,682 [ERROR] LogOutputStream:74 - [STDERR_REDIRECT] 
2024-09-20 02:48:27,692 [INFO] PluginManage:342 - Loaded plugin pinoutconfig (category:base,tabindex:0)
2024-09-20 02:48:27,692 [INFO] PluginManage:292 - Check plugin power
2024-09-20 02:48:27,702 [INFO] PluginManage:342 - Loaded plugin power (category:power,tabindex:4)
2024-09-20 02:48:27,702 [INFO] PluginManage:292 - Check plugin projectmanager
2024-09-20 02:48:27,713 [INFO] PluginManage:342 - Loaded plugin projectmanager (category:projectmanager,tabindex:3)
2024-09-20 02:48:27,713 [INFO] PluginManage:292 - Check plugin thirdparty
2024-09-20 02:48:27,762 [ERROR] LogOutputStream:74 - [STDERR_REDIRECT] [Fatal Error] :1:1: Premature end of file.
2024-09-20 02:48:27,762 [ERROR] LogOutputStream:74 - [STDERR_REDIRECT] 
2024-09-20 02:48:27,784 [INFO] ThirdPartyDb:333 - Open Third Party DataBase File (C:/Users/mahmoud eldawakhly/.stm32cubemx/plugins/thirdparty/db/thirdparties_db.xml) : 32 ms. number of Sw pack : 47
2024-09-20 02:48:27,794 [INFO] PluginManage:342 - Loaded plugin thirdparty (category:base,tabindex:-1)
2024-09-20 02:48:27,794 [INFO] PluginManage:292 - Check plugin tools
2024-09-20 02:48:27,794 [INFO] PluginManage:342 - Loaded plugin tools (category:base,tabindex:7)
2024-09-20 02:48:27,794 [INFO] PluginManage:292 - Check plugin tutovideos
2024-09-20 02:48:27,824 [ERROR] LogOutputStream:74 - [STDERR_REDIRECT] [Fatal Error] :1:1: Premature end of file.
2024-09-20 02:48:27,824 [ERROR] LogOutputStream:74 - [STDERR_REDIRECT] 
2024-09-20 02:48:27,965 [INFO] PluginManage:342 - Loaded plugin tutovideos (category:base,tabindex:-1)
2024-09-20 02:48:27,965 [INFO] PluginManage:292 - Check plugin updater
2024-09-20 02:48:27,975 [INFO] PluginManage:342 - Loaded plugin updater (category:base,tabindex:12)
2024-09-20 02:48:27,975 [INFO] PluginManage:265 - PluginManage : Loaded plugins [13]
2024-09-20 02:48:28,096 [INFO] PinOutPanel:1418 - setPackage(No Configuration,No Configuration)
2024-09-20 02:48:28,166 [INFO] IPUIPlugin:64 - create IPUIPlugin
2024-09-20 02:48:28,166 [INFO] PluginManager:200 - loadIPPluginJar : add adc
2024-09-20 02:48:28,166 [INFO] IPUIPlugin:64 - create IPUIPlugin
2024-09-20 02:48:28,166 [INFO] PluginManager:200 - loadIPPluginJar : add aes
2024-09-20 02:48:28,176 [INFO] IPUIPlugin:64 - create IPUIPlugin
2024-09-20 02:48:28,176 [INFO] PluginManager:200 - loadIPPluginJar : add can
2024-09-20 02:48:28,176 [INFO] IPUIPlugin:64 - create IPUIPlugin
2024-09-20 02:48:28,176 [INFO] PluginManager:200 - loadIPPluginJar : add comp
2024-09-20 02:48:28,176 [INFO] IPUIPlugin:64 - create IPUIPlugin
2024-09-20 02:48:28,176 [INFO] PluginManager:200 - loadIPPluginJar : add cryp
2024-09-20 02:48:28,176 [INFO] IPUIPlugin:64 - create IPUIPlugin
2024-09-20 02:48:28,176 [INFO] PluginManager:200 - loadIPPluginJar : add dfsdm
2024-09-20 02:48:28,186 [INFO] IPUIPlugin:64 - create IPUIPlugin
2024-09-20 02:48:28,186 [INFO] PluginManager:200 - loadIPPluginJar : add dma
2024-09-20 02:48:28,186 [INFO] IPUIPlugin:64 - create IPUIPlugin
2024-09-20 02:48:28,186 [INFO] PluginManager:200 - loadIPPluginJar : add fatfs
2024-09-20 02:48:28,186 [INFO] IPUIPlugin:64 - create IPUIPlugin
2024-09-20 02:48:28,186 [INFO] PluginManager:200 - loadIPPluginJar : add fmc
2024-09-20 02:48:28,196 [INFO] IPUIPlugin:64 - create IPUIPlugin
2024-09-20 02:48:28,196 [INFO] PluginManager:200 - loadIPPluginJar : add freertos
2024-09-20 02:48:28,196 [INFO] IPUIPlugin:64 - create IPUIPlugin
2024-09-20 02:48:28,196 [INFO] PluginManager:200 - loadIPPluginJar : add genericplugin
2024-09-20 02:48:28,196 [INFO] IPUIPlugin:64 - create IPUIPlugin
2024-09-20 02:48:28,196 [INFO] PluginManager:200 - loadIPPluginJar : add gfxmmu
2024-09-20 02:48:28,206 [INFO] IPUIPlugin:64 - create IPUIPlugin
2024-09-20 02:48:28,206 [INFO] PluginManager:200 - loadIPPluginJar : add gic
2024-09-20 02:48:28,217 [INFO] IPUIPlugin:64 - create IPUIPlugin
2024-09-20 02:48:28,217 [INFO] PluginManager:200 - loadIPPluginJar : add gpio
2024-09-20 02:48:28,217 [INFO] IPUIPlugin:64 - create IPUIPlugin
2024-09-20 02:48:28,217 [INFO] PluginManager:200 - loadIPPluginJar : add gtzc
2024-09-20 02:48:28,217 [INFO] IPUIPlugin:64 - create IPUIPlugin
2024-09-20 02:48:28,217 [INFO] PluginManager:200 - loadIPPluginJar : add hash
2024-09-20 02:48:28,217 [INFO] IPUIPlugin:64 - create IPUIPlugin
2024-09-20 02:48:28,217 [INFO] PluginManager:200 - loadIPPluginJar : add i2c
2024-09-20 02:48:28,217 [INFO] IPUIPlugin:64 - create IPUIPlugin
2024-09-20 02:48:28,227 [INFO] PluginManager:200 - loadIPPluginJar : add i2s
2024-09-20 02:48:28,227 [INFO] IPUIPlugin:64 - create IPUIPlugin
2024-09-20 02:48:28,227 [INFO] PluginManager:200 - loadIPPluginJar : add ipddr
2024-09-20 02:48:28,227 [INFO] IPUIPlugin:64 - create IPUIPlugin
2024-09-20 02:48:28,227 [INFO] PluginManager:200 - loadIPPluginJar : add ltdc
2024-09-20 02:48:28,227 [INFO] IPUIPlugin:64 - create IPUIPlugin
2024-09-20 02:48:28,227 [INFO] PluginManager:200 - loadIPPluginJar : add mdma
2024-09-20 02:48:28,237 [INFO] IPUIPlugin:64 - create IPUIPlugin
2024-09-20 02:48:28,237 [INFO] PluginManager:200 - loadIPPluginJar : add nvic
2024-09-20 02:48:28,237 [INFO] IPUIPlugin:64 - create IPUIPlugin
2024-09-20 02:48:28,237 [INFO] PluginManager:200 - loadIPPluginJar : add opamp
2024-09-20 02:48:28,237 [INFO] IPUIPlugin:64 - create IPUIPlugin
2024-09-20 02:48:28,237 [INFO] PluginManager:200 - loadIPPluginJar : add openamp
2024-09-20 02:48:28,237 [INFO] IPUIPlugin:64 - create IPUIPlugin
2024-09-20 02:48:28,237 [INFO] PluginManager:200 - loadIPPluginJar : add pdm2pcm
2024-09-20 02:48:28,247 [INFO] IPUIPlugin:64 - create IPUIPlugin
2024-09-20 02:48:28,247 [INFO] PluginManager:200 - loadIPPluginJar : add plateformsettings
2024-09-20 02:48:28,247 [INFO] IPUIPlugin:64 - create IPUIPlugin
2024-09-20 02:48:28,247 [INFO] PluginManager:200 - loadIPPluginJar : add quadspi
2024-09-20 02:48:28,257 [INFO] IPUIPlugin:64 - create IPUIPlugin
2024-09-20 02:48:28,257 [INFO] PluginManager:200 - loadIPPluginJar : add resmgrutility
2024-09-20 02:48:28,257 [INFO] IPUIPlugin:64 - create IPUIPlugin
2024-09-20 02:48:28,257 [INFO] PluginManager:200 - loadIPPluginJar : add sai
2024-09-20 02:48:28,257 [INFO] IPUIPlugin:64 - create IPUIPlugin
2024-09-20 02:48:28,257 [INFO] PluginManager:200 - loadIPPluginJar : add spi
2024-09-20 02:48:28,257 [INFO] IPUIPlugin:64 - create IPUIPlugin
2024-09-20 02:48:28,257 [INFO] PluginManager:200 - loadIPPluginJar : add stm32_wpan
2024-09-20 02:48:28,267 [INFO] IPUIPlugin:64 - create IPUIPlugin
2024-09-20 02:48:28,267 [INFO] PluginManager:200 - loadIPPluginJar : add tim
2024-09-20 02:48:28,267 [INFO] IPUIPlugin:64 - create IPUIPlugin
2024-09-20 02:48:28,267 [INFO] PluginManager:200 - loadIPPluginJar : add touchsensing
2024-09-20 02:48:28,267 [INFO] IPUIPlugin:64 - create IPUIPlugin
2024-09-20 02:48:28,267 [INFO] PluginManager:200 - loadIPPluginJar : add tracer_emb
2024-09-20 02:48:28,267 [INFO] IPUIPlugin:64 - create IPUIPlugin
2024-09-20 02:48:28,267 [INFO] PluginManager:200 - loadIPPluginJar : add ts
2024-09-20 02:48:28,267 [INFO] IPUIPlugin:64 - create IPUIPlugin
2024-09-20 02:48:28,267 [INFO] PluginManager:200 - loadIPPluginJar : add tsc
2024-09-20 02:48:28,267 [INFO] IPUIPlugin:64 - create IPUIPlugin
2024-09-20 02:48:28,267 [INFO] PluginManager:200 - loadIPPluginJar : add ucpd
2024-09-20 02:48:28,277 [INFO] IPUIPlugin:64 - create IPUIPlugin
2024-09-20 02:48:28,277 [INFO] PluginManager:200 - loadIPPluginJar : add usart
2024-09-20 02:48:28,670 [INFO] CubeProgrammer:457 - [DDR PANEL] - PathOfProgrammer: null
2024-09-20 02:48:29,244 [FATAL] Updater:282 - Updater called before beeing initialized
2024-09-20 02:48:29,374 [FATAL] Updater:282 - Updater called before beeing initialized
2024-09-20 02:48:29,374 [WARN] ThirdParty:775 - waiting for thirdparty lock release [close project]
2024-09-20 02:48:29,374 [INFO] ThirdParty:777 - entering critical section [close project]
2024-09-20 02:48:29,374 [INFO] ThirdParty:790 - exiting critical section [close project]
2024-09-20 02:48:29,374 [INFO] PinOutPanel:1418 - setPackage(No Configuration,No Configuration)
2024-09-20 02:48:29,374 [FATAL] Updater:282 - Updater called before beeing initialized
2024-09-20 02:48:29,384 [ERROR] Updater:967 - MainUpdater not yet initialized. External WinMGr cannot be set.
2024-09-20 02:48:29,384 [INFO] CubeProgrammer:457 - [DDR PANEL] - PathOfProgrammer: C:\ST\STM32CubeIDE_1.4.0\STM32CubeIDE\plugins\com.st.stm32cube.ide.mcu.externaltools.cubeprogrammer.win32_1.4.0.202007081208\tools\bin
2024-09-20 02:48:29,384 [INFO] ProgrammerExecThread:148 - [ProgrammerAPI] CubeProgrammer command construction: C:\ST\STM32CubeIDE_1.4.0\STM32CubeIDE\plugins\com.st.stm32cube.ide.mcu.externaltools.cubeprogrammer.win32_1.4.0.202007081208\tools\bin\STM32_Programmer_CLI.exe -l
2024-09-20 02:48:29,585 [INFO] MainDdrPanel:49 - [DDR PANEL] SETTER - Set cubeProgrammerPath to: C:\ST\STM32CubeIDE_1.4.0\STM32CubeIDE\plugins\com.st.stm32cube.ide.mcu.externaltools.cubeprogrammer.win32_1.4.0.202007081208\tools\bin
2024-09-20 02:48:29,604 [INFO] Updater:904 - Updater Version found : 6.0.0
2024-09-20 02:48:29,615 [INFO] ApplicationProperties:181 - Using Application install path: C:\ST\STM32CubeIDE_1.4.0\STM32CubeIDE\plugins\com.st.stm32cube.common.mx_6.0.0.202007160824
2024-09-20 02:48:30,246 [INFO] MainUpdater:2268 - connection check result : 10
2024-09-20 02:48:30,246 [INFO] MainUpdater:2935 - Updater definition file requires update
2024-09-20 02:48:30,246 [INFO] MainUpdater:239 - Updater Check For Update Now.
2024-09-20 02:48:30,246 [INFO] MicroXplorer:414 - Change Database Version : DB.6.0.0
2024-09-20 02:48:30,620 [INFO] ServerAccessManage:348 - Download File updaters.zip
2024-09-20 02:48:30,787 [INFO] FileExtend:225 - Unzip File : updaters.zip
2024-09-20 02:48:30,788 [INFO] FileExtend:240 - Standard Zip Deflate
2024-09-20 02:48:30,803 [WARN] IntegrityCheckThread:61 - waiting for thirdparty lock release [integrity check]
2024-09-20 02:48:30,803 [INFO] IntegrityCheckThread:63 - entering critical section [integrity check]
2024-09-20 02:48:30,803 [WARN] MainUpdater:1087 - Updater busy. Cannot search thirdparties
2024-09-20 02:48:31,444 [INFO] ServerAccessManage:348 - Download File PacksControlFlags.xml
2024-09-20 02:48:31,831 [INFO] ServerAccessManage:348 - Download File cubemx.pidx
2024-09-20 02:48:32,596 [INFO] ServerAccessManage:348 - Download File STMicroelectronics.X-CUBE-ISPU.pdsc
2024-09-20 02:48:33,809 [WARN] MainUpdater:1087 - Updater busy. Cannot search thirdparties
2024-09-20 02:48:34,591 [INFO] CheckServerUpdateThread:102 - End of CheckServer Thread
2024-09-20 02:48:34,601 [INFO] ThirdPartyDb:299 - Save Third Party DataBase File (C:/Users/mahmoud eldawakhly/.stm32cubemx/plugins/thirdparty/db/thirdparties_db.xml) [forced]
2024-09-20 02:48:34,611 [INFO] MainUpdater:2268 - connection check result : 10
2024-09-20 02:48:34,641 [INFO] PopulateThirdPartyThread:50 - Ending populate Thread
2024-09-20 02:48:34,641 [INFO] ThirdPartyDb:299 - Save Third Party DataBase File (C:/Users/mahmoud eldawakhly/.stm32cubemx/plugins/thirdparty/db/thirdparties_db.xml) [forced]
2024-09-20 02:48:34,681 [INFO] Engine:289 - softwarePackList size : 48
2024-09-20 02:48:34,691 [INFO] Engine:301 - compute dependency for SwPack FP-ATR-ASTRA1 have been done, and update is requested
2024-09-20 02:48:34,701 [INFO] Engine:301 - compute dependency for SwPack FP-ATR-SIGFOX1 have been done, and update is requested
2024-09-20 02:48:34,722 [INFO] Engine:301 - compute dependency for SwPack X-CUBE-AI have been done, and update is requested
2024-09-20 02:48:34,731 [INFO] Engine:301 - compute dependency for SwPack X-CUBE-BLE1 have been done, and update is requested
2024-09-20 02:48:34,741 [INFO] Engine:301 - compute dependency for SwPack X-CUBE-BLE2 have been done, and update is requested
2024-09-20 02:48:34,761 [INFO] Engine:301 - compute dependency for SwPack X-CUBE-EEPRMA1 have been done, and update is requested
2024-09-20 02:48:34,771 [INFO] Engine:301 - compute dependency for SwPack X-CUBE-GNSS1 have been done, and update is requested
2024-09-20 02:48:34,781 [INFO] Engine:301 - compute dependency for SwPack X-CUBE-ISPU have been done, and update is requested
2024-09-20 02:48:34,897 [INFO] ServerAccessManage:348 - Download File mcusDocs.json._tmp_
2024-09-20 02:48:35,038 [INFO] LoadUrlFilesThread:135 - End of LoadUrlFiles Thread
2024-09-20 02:48:35,198 [INFO] ServerAccessManage:348 - Download File mcusFeaturesAndDescription.json._tmp_
2024-09-20 02:48:35,228 [INFO] Engine:301 - compute dependency for SwPack X-CUBE-MEMS1 have been done, and update is requested
2024-09-20 02:48:35,248 [INFO] Engine:301 - compute dependency for SwPack X-CUBE-NFC4 have been done, and update is requested
2024-09-20 02:48:35,258 [INFO] Engine:301 - compute dependency for SwPack X-CUBE-NFC6 have been done, and update is requested
2024-09-20 02:48:35,268 [INFO] Engine:301 - compute dependency for SwPack X-CUBE-NFC7 have been done, and update is requested
2024-09-20 02:48:35,278 [INFO] Engine:301 - compute dependency for SwPack X-CUBE-SFXS2LP1 have been done, and update is requested
2024-09-20 02:48:35,278 [INFO] Engine:301 - compute dependency for SwPack X-CUBE-SAFEA1 have been done, and update is requested
2024-09-20 02:48:35,308 [INFO] Engine:301 - compute dependency for SwPack X-CUBE-SUBG2 have been done, and update is requested
2024-09-20 02:48:35,308 [INFO] Engine:305 - compute dependency for SwPack X-CUBE-TOUCHGFX have been done, no update is requested
2024-09-20 02:48:35,308 [INFO] Engine:301 - compute dependency for SwPack X-CUBE-ALGOBUILD have been done, and update is requested
2024-09-20 02:48:35,328 [INFO] Engine:301 - compute dependency for SwPack X-CUBE-AZRTOS-H7 have been done, and update is requested
2024-09-20 02:48:35,338 [INFO] Engine:301 - compute dependency for SwPack X-CUBE-AZRTOS-H7RS have been done, and update is requested
2024-09-20 02:48:35,338 [INFO] Engine:301 - compute dependency for SwPack X-CUBE-AZRTOS-F4 have been done, and update is requested
2024-09-20 02:48:35,348 [INFO] Engine:301 - compute dependency for SwPack X-CUBE-AZRTOS-F7 have been done, and update is requested
2024-09-20 02:48:35,358 [INFO] Engine:301 - compute dependency for SwPack X-CUBE-AZRTOS-L4 have been done, and update is requested
2024-09-20 02:48:35,368 [ERROR] DependencyParser:1297 - StateRcvOpen_Cte Bad Token : )
2024-09-20 02:48:35,368 [ERROR] DependencyParser:1297 - StateRcvOpen_Cte Bad Token : )
2024-09-20 02:48:35,368 [ERROR] DependencyParser:1297 - StateRcvOpen_Cte Bad Token : )
2024-09-20 02:48:35,368 [ERROR] DependencyParser:1297 - StateRcvOpen_Cte Bad Token : )
2024-09-20 02:48:35,368 [ERROR] DependencyParser:1297 - StateRcvOpen_Cte Bad Token : )
2024-09-20 02:48:35,368 [ERROR] DependencyParser:1297 - StateRcvOpen_Cte Bad Token : )
2024-09-20 02:48:35,368 [ERROR] DependencyParser:1297 - StateRcvOpen_Cte Bad Token : )
2024-09-20 02:48:35,368 [ERROR] DependencyParser:1297 - StateRcvOpen_Cte Bad Token : )
2024-09-20 02:48:35,368 [ERROR] DependencyParser:1297 - StateRcvOpen_Cte Bad Token : )
2024-09-20 02:48:35,368 [ERROR] DependencyParser:1297 - StateRcvOpen_Cte Bad Token : )
2024-09-20 02:48:35,368 [ERROR] DependencyParser:1297 - StateRcvOpen_Cte Bad Token : )
2024-09-20 02:48:35,368 [ERROR] DependencyParser:1297 - StateRcvOpen_Cte Bad Token : )
2024-09-20 02:48:35,368 [ERROR] DependencyParser:1297 - StateRcvOpen_Cte Bad Token : )
2024-09-20 02:48:35,368 [ERROR] DependencyParser:1297 - StateRcvOpen_Cte Bad Token : )
2024-09-20 02:48:35,368 [ERROR] DependencyParser:1297 - StateRcvOpen_Cte Bad Token : )
2024-09-20 02:48:35,368 [ERROR] DependencyParser:1297 - StateRcvOpen_Cte Bad Token : )
2024-09-20 02:48:35,368 [ERROR] DependencyParser:1297 - StateRcvOpen_Cte Bad Token : )
2024-09-20 02:48:35,368 [ERROR] DependencyParser:1297 - StateRcvOpen_Cte Bad Token : )
2024-09-20 02:48:35,368 [ERROR] DependencyParser:1297 - StateRcvOpen_Cte Bad Token : )
2024-09-20 02:48:35,368 [ERROR] DependencyParser:1297 - StateRcvOpen_Cte Bad Token : )
2024-09-20 02:48:35,368 [ERROR] DependencyParser:1297 - StateRcvOpen_Cte Bad Token : )
2024-09-20 02:48:35,368 [ERROR] DependencyParser:1297 - StateRcvOpen_Cte Bad Token : )
2024-09-20 02:48:35,368 [ERROR] DependencyParser:1297 - StateRcvOpen_Cte Bad Token : )
2024-09-20 02:48:35,368 [ERROR] DependencyParser:1297 - StateRcvOpen_Cte Bad Token : )
2024-09-20 02:48:35,368 [ERROR] DependencyParser:1297 - StateRcvOpen_Cte Bad Token : )
2024-09-20 02:48:35,368 [ERROR] DependencyParser:1297 - StateRcvOpen_Cte Bad Token : )
2024-09-20 02:48:35,368 [ERROR] DependencyParser:1297 - StateRcvOpen_Cte Bad Token : )
2024-09-20 02:48:35,368 [ERROR] DependencyParser:1297 - StateRcvOpen_Cte Bad Token : )
2024-09-20 02:48:35,368 [ERROR] DependencyParser:1297 - StateRcvOpen_Cte Bad Token : )
2024-09-20 02:48:35,368 [ERROR] DependencyParser:1297 - StateRcvOpen_Cte Bad Token : )
2024-09-20 02:48:35,368 [ERROR] DependencyParser:1297 - StateRcvOpen_Cte Bad Token : )
2024-09-20 02:48:35,368 [ERROR] DependencyParser:1297 - StateRcvOpen_Cte Bad Token : )
2024-09-20 02:48:35,368 [ERROR] DependencyParser:1297 - StateRcvOpen_Cte Bad Token : )
2024-09-20 02:48:35,368 [ERROR] DependencyParser:1297 - StateRcvOpen_Cte Bad Token : )
2024-09-20 02:48:35,368 [ERROR] DependencyParser:1297 - StateRcvOpen_Cte Bad Token : )
2024-09-20 02:48:35,368 [ERROR] DependencyParser:1297 - StateRcvOpen_Cte Bad Token : )
2024-09-20 02:48:35,368 [ERROR] DependencyParser:1297 - StateRcvOpen_Cte Bad Token : )
2024-09-20 02:48:35,368 [ERROR] DependencyParser:1297 - StateRcvOpen_Cte Bad Token : )
2024-09-20 02:48:35,368 [ERROR] DependencyParser:1297 - StateRcvOpen_Cte Bad Token : )
2024-09-20 02:48:35,368 [ERROR] DependencyParser:1297 - StateRcvOpen_Cte Bad Token : )
2024-09-20 02:48:35,368 [ERROR] DependencyParser:1297 - StateRcvOpen_Cte Bad Token : )
2024-09-20 02:48:35,368 [ERROR] DependencyParser:1297 - StateRcvOpen_Cte Bad Token : )
2024-09-20 02:48:35,368 [ERROR] DependencyParser:1297 - StateRcvOpen_Cte Bad Token : )
2024-09-20 02:48:35,368 [ERROR] DependencyParser:1297 - StateRcvOpen_Cte Bad Token : )
2024-09-20 02:48:35,368 [ERROR] DependencyParser:1297 - StateRcvOpen_Cte Bad Token : )
2024-09-20 02:48:35,368 [ERROR] DependencyParser:1297 - StateRcvOpen_Cte Bad Token : )
2024-09-20 02:48:35,368 [INFO] Engine:305 - compute dependency for SwPack X-CUBE-AZRTOS-L5 have been done, no update is requested
2024-09-20 02:48:35,378 [INFO] Engine:301 - compute dependency for SwPack X-CUBE-AZRTOS-G0 have been done, and update is requested
2024-09-20 02:48:35,388 [INFO] Engine:301 - compute dependency for SwPack X-CUBE-AZRTOS-G4 have been done, and update is requested
2024-09-20 02:48:35,398 [INFO] Engine:301 - compute dependency for SwPack X-CUBE-AZRTOS-WB have been done, and update is requested
2024-09-20 02:48:35,409 [INFO] Engine:301 - compute dependency for SwPack X-CUBE-AZRTOS-WL have been done, and update is requested
2024-09-20 02:48:35,419 [INFO] Engine:301 - compute dependency for SwPack I-CUBE-wolfSSL have been done, and update is requested
2024-09-20 02:48:35,424 [INFO] Engine:301 - compute dependency for SwPack I-CUBE-wolfMQTT have been done, and update is requested
2024-09-20 02:48:35,429 [INFO] Engine:301 - compute dependency for SwPack I-CUBE-wolfTPM have been done, and update is requested
2024-09-20 02:48:35,439 [INFO] Engine:301 - compute dependency for SwPack I-CUBE-wolfSSH have been done, and update is requested
2024-09-20 02:48:35,579 [INFO] Engine:301 - compute dependency for SwPack I-CUBE-embOS have been done, and update is requested
2024-09-20 02:48:35,589 [INFO] Engine:301 - compute dependency for SwPack I-Cube-SoM-uGOAL have been done, and update is requested
2024-09-20 02:48:35,599 [INFO] Engine:301 - compute dependency for SwPack I-CUBE-Cesium have been done, and update is requested
2024-09-20 02:48:35,599 [INFO] Engine:305 - compute dependency for SwPack FreeRTOS have been done, no update is requested
2024-09-20 02:48:35,599 [INFO] Engine:305 - compute dependency for SwPack lwIP have been done, no update is requested
2024-09-20 02:48:35,599 [INFO] Engine:305 - compute dependency for SwPack lwIP have been done, no update is requested
2024-09-20 02:48:35,599 [INFO] Engine:305 - compute dependency for SwPack MBEDTLS have been done, no update is requested
2024-09-20 02:48:35,599 [INFO] Engine:305 - compute dependency for SwPack MBEDTLS have been done, no update is requested
2024-09-20 02:48:35,599 [INFO] Engine:305 - compute dependency for SwPack PDM2PCM have been done, no update is requested
2024-09-20 02:48:35,599 [INFO] Engine:305 - compute dependency for SwPack PDM2PCM have been done, no update is requested
2024-09-20 02:48:35,599 [INFO] Engine:305 - compute dependency for SwPack PDM2PCM have been done, no update is requested
2024-09-20 02:48:35,609 [INFO] Engine:305 - compute dependency for SwPack USB_DEVICE have been done, no update is requested
2024-09-20 02:48:35,609 [INFO] Engine:305 - compute dependency for SwPack USB_DEVICE have been done, no update is requested
2024-09-20 02:48:35,609 [INFO] Engine:305 - compute dependency for SwPack USB_DEVICE have been done, no update is requested
2024-09-20 02:48:35,609 [INFO] Engine:305 - compute dependency for SwPack USB_HOST have been done, no update is requested
2024-09-20 02:48:35,609 [INFO] Engine:305 - compute dependency for SwPack USB_HOST have been done, no update is requested
2024-09-20 02:48:35,609 [INFO] Engine:301 - compute dependency for SwPack X-CUBE-ISPU have been done, and update is requested
2024-09-20 02:48:35,629 [INFO] ThirdPartyDb:299 - Save Third Party DataBase File (C:/Users/mahmoud eldawakhly/.stm32cubemx/plugins/thirdparty/db/thirdparties_db.xml) [forced]
2024-09-20 02:48:35,649 [INFO] LoadServerUpdatesThread:309 - End of LoadServerUpdate Thread
2024-09-20 02:48:36,816 [WARN] MainUpdater:1087 - Updater busy. Cannot search thirdparties
2024-09-20 02:48:39,820 [WARN] MainUpdater:1087 - Updater busy. Cannot search thirdparties
2024-09-20 02:48:39,941 [INFO] LoadUrlFilesThread:135 - End of LoadUrlFiles Thread
2024-09-20 02:48:40,101 [INFO] ServerAccessManage:348 - Download File boardsDocs.json._tmp_
2024-09-20 02:48:40,201 [INFO] LoadUrlFilesThread:135 - End of LoadUrlFiles Thread
2024-09-20 02:48:40,352 [INFO] ServerAccessManage:348 - Download File boards.json._tmp_
2024-09-20 02:48:40,602 [INFO] LoadUrlFilesThread:135 - End of LoadUrlFiles Thread
2024-09-20 02:48:41,497 [INFO] ServerAccessManage:348 - Download File cube-finder-db.zip
2024-09-20 02:48:42,823 [WARN] MainUpdater:1087 - Updater busy. Cannot search thirdparties
2024-09-20 02:48:45,831 [WARN] MainUpdater:1087 - Updater busy. Cannot search thirdparties
2024-09-20 02:48:48,836 [WARN] MainUpdater:1087 - Updater busy. Cannot search thirdparties
2024-09-20 02:48:51,844 [WARN] MainUpdater:1087 - Updater busy. Cannot search thirdparties
2024-09-20 02:48:54,849 [WARN] MainUpdater:1087 - Updater busy. Cannot search thirdparties
2024-09-20 02:48:57,855 [WARN] MainUpdater:1087 - Updater busy. Cannot search thirdparties
2024-09-20 02:49:00,569 [INFO] FileExtend:225 - Unzip File : cube-finder-db.zip
2024-09-20 02:49:00,569 [INFO] FileExtend:240 - Standard Zip Deflate
2024-09-20 02:49:00,876 [WARN] MainUpdater:1087 - Updater busy. Cannot search thirdparties
2024-09-20 02:49:01,120 [INFO] LoadUrlFilesThread:135 - End of LoadUrlFiles Thread
2024-09-20 02:49:01,620 [INFO] ServerAccessManage:348 - Download File crdb.zip
2024-09-20 02:49:02,179 [INFO] FileExtend:225 - Unzip File : crdb.zip
2024-09-20 02:49:02,179 [INFO] FileExtend:240 - Standard Zip Deflate
2024-09-20 02:49:02,199 [INFO] LoadUrlFilesThread:135 - End of LoadUrlFiles Thread
2024-09-20 02:49:03,077 [INFO] ServerAccessManage:348 - Download File tutoVideoDB.zip
2024-09-20 02:49:03,197 [INFO] FileExtend:225 - Unzip File : tutoVideoDB.zip
2024-09-20 02:49:03,197 [INFO] FileExtend:240 - Standard Zip Deflate
2024-09-20 02:49:03,207 [INFO] LoadUrlFilesThread:135 - End of LoadUrlFiles Thread
2024-09-20 02:49:03,227 [INFO] DbMcusDocs:145 - JSON generation date=Tue Nov 16 18:17:54 EET 2021 (1637079474)
2024-09-20 02:49:03,227 [INFO] DbMcusXml:100 - Load MCU database from C:\ST\STM32CubeIDE_1.4.0\STM32CubeIDE\plugins\com.st.stm32cube.common.mx_6.0.0.202007160824\\db\/mcu/families.xml
2024-09-20 02:49:03,759 [INFO] DbMcusJson:92 - JSON generation date=Tue Nov 16 18:17:54 EET 2021 (1637079474)
2024-09-20 02:49:04,075 [INFO] ThirdPartyDb:299 - Save Third Party DataBase File (C:/Users/mahmoud eldawakhly/.stm32cubemx/plugins/thirdparty/db/thirdparties_db.xml) [forced]
2024-09-20 02:49:04,095 [INFO] ThirdPartyDb:299 - Save Third Party DataBase File (C:/Users/mahmoud eldawakhly/.stm32cubemx/plugins/thirdparty/db/thirdparties_db.xml) [forced]
2024-09-20 02:49:04,105 [INFO] IntegrityCheckThread:76 - exiting critical section [integrity check]
2024-09-20 02:49:04,105 [INFO] IntegrityCheckThread:79 - End integrity checks thread
2024-09-20 02:49:04,376 [INFO] DbMcus:175 - Found 1761 MCUs (1722 are supported by CubeMX, 1911 are visible in CubeMX)
2024-09-20 02:49:04,376 [INFO] ApiDb:201 - Load user favorites file C:\Users\mahmoud eldawakhly/.stm32cubemx/favorites.mcus.txt: 0 item(s)
2024-09-20 02:49:04,376 [INFO] ApiDb:205 - User favorites MCUs=[]
2024-09-20 02:49:04,376 [INFO] DbMcus:187 - Set 0 / 0 favorites MCUs
2024-09-20 02:49:04,587 [INFO] DbMcusDocs:81 - Found 682 MCUs documents
2024-09-20 02:49:04,587 [INFO] ApiDb:226 - Save user favorites file C:\Users\mahmoud eldawakhly/.stm32cubemx/favorites.mcus.txt: 0 item(s)
2024-09-20 02:49:04,587 [INFO] ApiDb:230 - User favorites MCUs=[]
2024-09-20 02:49:04,587 [INFO] DbMcusXml:100 - Load MCU database from C:\ST\STM32CubeIDE_1.4.0\STM32CubeIDE\plugins\com.st.stm32cube.common.mx_6.0.0.202007160824\\db\/mcu/families.xml
2024-09-20 02:49:04,958 [INFO] DbMcusJson:92 - JSON generation date=Tue Nov 16 18:17:54 EET 2021 (1637079474)
2024-09-20 02:49:05,354 [INFO] DbMcus:175 - Found 1761 MCUs (1722 are supported by CubeMX, 1911 are visible in CubeMX)
2024-09-20 02:49:05,354 [INFO] ApiDb:201 - Load user favorites file C:\Users\mahmoud eldawakhly/.stm32cubemx/favorites.mcus.txt: 0 item(s)
2024-09-20 02:49:05,354 [INFO] ApiDb:205 - User favorites MCUs=[]
2024-09-20 02:49:05,354 [INFO] DbMcus:187 - Set 0 / 0 favorites MCUs
2024-09-20 02:49:05,364 [INFO] DbBoardsDocs:145 - JSON generation date=Tue Nov 16 18:17:54 EET 2021 (1637079474)
2024-09-20 02:49:05,374 [INFO] DbBoardsPdsc:94 - Found 23 items
2024-09-20 02:49:05,374 [INFO] DbBoardsPdsc:94 - Found 9 items
2024-09-20 02:49:05,376 [INFO] DbBoardsPdsc:94 - Found 29 items
2024-09-20 02:49:05,376 [INFO] DbBoardsPdsc:94 - Found 1 items
2024-09-20 02:49:05,376 [INFO] DbBoardsPdsc:94 - Found 44 items
2024-09-20 02:49:05,384 [INFO] DbBoardsPdsc:94 - Found 40 items
2024-09-20 02:49:05,384 [INFO] DbBoardsPdsc:94 - Found 2 items
2024-09-20 02:49:05,384 [INFO] DbBoardsPdsc:94 - Found 4 items
2024-09-20 02:49:05,384 [WARN] DbBoardsPdsc:258 - Board STM32H7B3I-DK: unknown feature type=Audio, name=, username=Audio stereo codec with Headphone Amp (CS42L51-CNZ), n=1
2024-09-20 02:49:05,384 [WARN] DbBoardsPdsc:258 - Board STM32H735G-DK: unknown feature type=Audio, name=, username=Audio stereo codec with Headphone Amp (WM8994ECS/R), n=1
2024-09-20 02:49:05,394 [WARN] DbBoardsPdsc:258 - Board STM32H7B3I-EVAL: unknown feature type=Audio, name=, username=Multi-Channel Audio Codec (CS42L51-CNZ), n=1
2024-09-20 02:49:05,394 [WARN] DbBoardsPdsc:258 - Board STM32H7B3I-EVAL: unknown feature type=Meter, name=, username=Power-metering and Temperature-monitoring with sigma-delta modulators, n=1
2024-09-20 02:49:05,394 [WARN] DbBoardsPdsc:258 - Board STM32H7B3I-EVAL: unknown feature type=Motor, name=, username=Motor Control, n=1
2024-09-20 02:49:05,414 [INFO] DbBoardsJson:85 - JSON generation date=Tue Nov 16 18:17:54 EET 2021 (1637079474)
2024-09-20 02:49:05,414 [INFO] DbBoards:117 - Found 166 boards (149 are supported by CubeMX)
2024-09-20 02:49:05,414 [INFO] DbBoardsDocs:145 - JSON generation date=Tue Nov 16 18:17:54 EET 2021 (1637079474)
2024-09-20 02:49:05,424 [INFO] DbBoardsDocs:81 - Found 209 boards documents
2024-09-20 02:49:05,424 [WARN] DbBoards:127 - board B-L475E-IOT01A2 has no document id list !
2024-09-20 02:49:05,424 [WARN] DbBoards:127 - board NUCLEO-H743ZI has no document id list !
2024-09-20 02:49:05,424 [WARN] DbBoards:127 - board P-NUCLEO-WB55-Nucleo has no document id list !
2024-09-20 02:49:05,424 [WARN] DbBoards:127 - board P-NUCLEO-WB55-USBDongle has no document id list !
2024-09-20 02:49:05,424 [WARN] DbBoards:127 - board STEVAL-BFA001V1B has no document id list !
2024-09-20 02:49:05,424 [WARN] DbBoards:127 - board STEVAL-BFA001V2B has no document id list !
2024-09-20 02:49:05,424 [WARN] DbBoards:127 - board STEVAL-IDP005V1 has no document id list !
2024-09-20 02:49:05,424 [WARN] DbBoards:127 - board STEVAL-IDP005V2 has no document id list !
2024-09-20 02:49:05,424 [WARN] DbBoards:127 - board STEVAL-MKSBOX1V1 has no document id list !
2024-09-20 02:49:05,424 [WARN] DbBoards:127 - board STEVAL-STWINKT1 has no document id list !
2024-09-20 02:49:05,424 [WARN] DbBoards:127 - board STEVAL-STWINKT1B has no document id list !
2024-09-20 02:49:05,424 [WARN] DbBoards:127 - board STM32439I-EVAL2 has no document id list !
2024-09-20 02:49:05,424 [WARN] DbBoards:127 - board STM32F401C-DISCO has no document id list !
2024-09-20 02:49:05,424 [WARN] DbBoards:127 - board STM32F769I-DISC1 has no document id list !
2024-09-20 02:49:05,424 [WARN] DbBoards:127 - board STM32G474E-EVAL1 has no document id list !
2024-09-20 02:49:05,424 [WARN] DbBoards:127 - board STM32H743I-EVAL2 has no document id list !
2024-09-20 02:49:05,424 [WARN] DbBoards:127 - board STM32H747I-DISC1 has no document id list !
2024-09-20 02:49:05,424 [WARN] DbBoards:127 - board STM32H753I-EVAL2 has no document id list !
2024-09-20 02:49:05,424 [WARN] DbBoards:127 - board STM32L-DISCOVERY has no document id list !
2024-09-20 02:49:05,494 [ERROR] DbBoards:189 - Image file not found for board B-L462E-CELL1: C:\ST\STM32CubeIDE_1.4.0\STM32CubeIDE\plugins\com.st.stm32cube.common.mx_6.0.0.202007160824\\db\/plugins/mcufinder/images/boards/B-L462E-CELL1_small.jpg
2024-09-20 02:49:05,544 [ERROR] DbBoards:189 - Image file not found for board B-U585I-IOT02A: C:\ST\STM32CubeIDE_1.4.0\STM32CubeIDE\plugins\com.st.stm32cube.common.mx_6.0.0.202007160824\\db\/plugins/mcufinder/images/boards/B-U585I-IOT02A_small.jpg
2024-09-20 02:49:05,634 [ERROR] DbBoards:189 - Image file not found for board NUCLEO-F413ZH: C:\ST\STM32CubeIDE_1.4.0\STM32CubeIDE\plugins\com.st.stm32cube.common.mx_6.0.0.202007160824\\db\/plugins/mcufinder/images/boards/nucleo-f413zh_small.jpg
2024-09-20 02:49:05,735 [ERROR] DbBoards:189 - Image file not found for board NUCLEO-L552ZE-Q: C:\ST\STM32CubeIDE_1.4.0\STM32CubeIDE\plugins\com.st.stm32cube.common.mx_6.0.0.202007160824\\db\/plugins/mcufinder/images/boards/nucleo_l552ze_q_small.jpg
2024-09-20 02:49:05,735 [ERROR] DbBoards:189 - Image file not found for board NUCLEO-U575ZI-Q: C:\ST\STM32CubeIDE_1.4.0\STM32CubeIDE\plugins\com.st.stm32cube.common.mx_6.0.0.202007160824\\db\/plugins/mcufinder/images/boards/nucleo-u575zi-q_small.jpg
2024-09-20 02:49:05,735 [ERROR] DbBoards:189 - Image file not found for board NUCLEO-WB15CC: C:\ST\STM32CubeIDE_1.4.0\STM32CubeIDE\plugins\com.st.stm32cube.common.mx_6.0.0.202007160824\\db\/plugins/mcufinder/images/boards/nucleo-wb15cc_small.jpg
2024-09-20 02:49:05,735 [ERROR] DbBoards:189 - Image file not found for board NUCLEO-WB55RG: C:\ST\STM32CubeIDE_1.4.0\STM32CubeIDE\plugins\com.st.stm32cube.common.mx_6.0.0.202007160824\\db\/plugins/mcufinder/images/boards/nucleo-wb55rg_small.jpg
2024-09-20 02:49:05,735 [ERROR] DbBoards:189 - Image file not found for board NUCLEO-WL55JC: C:\ST\STM32CubeIDE_1.4.0\STM32CubeIDE\plugins\com.st.stm32cube.common.mx_6.0.0.202007160824\\db\/plugins/mcufinder/images/boards/nucleo-wl55jc-small.jpg
2024-09-20 02:49:05,855 [ERROR] DbBoards:189 - Image file not found for board STEVAL-STWINKT1B: C:\ST\STM32CubeIDE_1.4.0\STM32CubeIDE\plugins\com.st.stm32cube.common.mx_6.0.0.202007160824\\db\/plugins/mcufinder/images/boards/steval-stwinkt1b_small.jpg
2024-09-20 02:49:06,094 [ERROR] DbBoards:189 - Image file not found for board STM32G0C1E-EV: C:\ST\STM32CubeIDE_1.4.0\STM32CubeIDE\plugins\com.st.stm32cube.common.mx_6.0.0.202007160824\\db\/plugins/mcufinder/images/boards/stm32g0c1e-eval_small.jpg
2024-09-20 02:49:06,164 [ERROR] DbBoards:189 - Image file not found for board STM32H7B3I-EVAL: C:\ST\STM32CubeIDE_1.4.0\STM32CubeIDE\plugins\com.st.stm32cube.common.mx_6.0.0.202007160824\\db\/plugins/mcufinder/images/boards/stm32h7b3ieval_small.jpg
2024-09-20 02:49:06,304 [ERROR] DbBoards:189 - Image file not found for board STM32U575I-EV: C:\ST\STM32CubeIDE_1.4.0\STM32CubeIDE\plugins\com.st.stm32cube.common.mx_6.0.0.202007160824\\db\/plugins/mcufinder/images/boards/stm32u575i-ev_small.jpg
2024-09-20 02:49:06,324 [ERROR] DbBoards:189 - Image file not found for board STM32WB5MM-DK: C:\ST\STM32CubeIDE_1.4.0\STM32CubeIDE\plugins\com.st.stm32cube.common.mx_6.0.0.202007160824\\db\/plugins/mcufinder/images/boards/STM32WB5MM-DK_small.jpg
2024-09-20 02:49:06,324 [INFO] ApiDb:201 - Load user favorites file C:\Users\mahmoud eldawakhly/.stm32cubemx/favorites.boards.txt: 0 item(s)
2024-09-20 02:49:06,324 [INFO] ApiDb:205 - User favorites Boards=[]
2024-09-20 02:49:06,324 [INFO] DbBoards:206 - Set 0 / 0 favorites Boards
2024-09-20 02:49:06,324 [INFO] DbBoardsDocs:81 - Found 418 boards documents
2024-09-20 02:49:06,324 [INFO] ApiDb:226 - Save user favorites file C:\Users\mahmoud eldawakhly/.stm32cubemx/favorites.boards.txt: 0 item(s)
2024-09-20 02:49:06,324 [INFO] ApiDb:230 - User favorites Boards=[]
2024-09-20 02:49:06,324 [INFO] DbBoardsPdsc:94 - Found 23 items
2024-09-20 02:49:06,324 [INFO] DbBoardsPdsc:94 - Found 9 items
2024-09-20 02:49:06,324 [INFO] DbBoardsPdsc:94 - Found 29 items
2024-09-20 02:49:06,324 [INFO] DbBoardsPdsc:94 - Found 1 items
2024-09-20 02:49:06,334 [INFO] DbBoardsPdsc:94 - Found 44 items
2024-09-20 02:49:06,334 [INFO] DbBoardsPdsc:94 - Found 40 items
2024-09-20 02:49:06,334 [INFO] DbBoardsPdsc:94 - Found 2 items
2024-09-20 02:49:06,334 [INFO] DbBoardsPdsc:94 - Found 4 items
2024-09-20 02:49:06,334 [WARN] DbBoardsPdsc:258 - Board STM32H7B3I-DK: unknown feature type=Audio, name=, username=Audio stereo codec with Headphone Amp (CS42L51-CNZ), n=1
2024-09-20 02:49:06,334 [WARN] DbBoardsPdsc:258 - Board STM32H735G-DK: unknown feature type=Audio, name=, username=Audio stereo codec with Headphone Amp (WM8994ECS/R), n=1
2024-09-20 02:49:06,334 [WARN] DbBoardsPdsc:258 - Board STM32H7B3I-EVAL: unknown feature type=Audio, name=, username=Multi-Channel Audio Codec (CS42L51-CNZ), n=1
2024-09-20 02:49:06,334 [WARN] DbBoardsPdsc:258 - Board STM32H7B3I-EVAL: unknown feature type=Meter, name=, username=Power-metering and Temperature-monitoring with sigma-delta modulators, n=1
2024-09-20 02:49:06,334 [WARN] DbBoardsPdsc:258 - Board STM32H7B3I-EVAL: unknown feature type=Motor, name=, username=Motor Control, n=1
2024-09-20 02:49:06,344 [INFO] DbBoardsJson:85 - JSON generation date=Tue Nov 16 18:17:54 EET 2021 (1637079474)
2024-09-20 02:49:06,344 [INFO] DbBoards:117 - Found 166 boards (149 are supported by CubeMX)
2024-09-20 02:49:06,344 [WARN] DbBoards:127 - board B-L475E-IOT01A2 has no document id list !
2024-09-20 02:49:06,344 [WARN] DbBoards:127 - board NUCLEO-H743ZI has no document id list !
2024-09-20 02:49:06,354 [WARN] DbBoards:127 - board P-NUCLEO-WB55-Nucleo has no document id list !
2024-09-20 02:49:06,354 [WARN] DbBoards:127 - board P-NUCLEO-WB55-USBDongle has no document id list !
2024-09-20 02:49:06,354 [WARN] DbBoards:127 - board STEVAL-BFA001V1B has no document id list !
2024-09-20 02:49:06,354 [WARN] DbBoards:127 - board STEVAL-BFA001V2B has no document id list !
2024-09-20 02:49:06,354 [WARN] DbBoards:127 - board STEVAL-IDP005V1 has no document id list !
2024-09-20 02:49:06,354 [WARN] DbBoards:127 - board STEVAL-IDP005V2 has no document id list !
2024-09-20 02:49:06,354 [WARN] DbBoards:127 - board STEVAL-MKSBOX1V1 has no document id list !
2024-09-20 02:49:06,354 [WARN] DbBoards:127 - board STEVAL-STWINKT1 has no document id list !
2024-09-20 02:49:06,354 [WARN] DbBoards:127 - board STEVAL-STWINKT1B has no document id list !
2024-09-20 02:49:06,354 [WARN] DbBoards:127 - board STM32439I-EVAL2 has no document id list !
2024-09-20 02:49:06,354 [WARN] DbBoards:127 - board STM32F401C-DISCO has no document id list !
2024-09-20 02:49:06,354 [WARN] DbBoards:127 - board STM32F769I-DISC1 has no document id list !
2024-09-20 02:49:06,354 [WARN] DbBoards:127 - board STM32G474E-EVAL1 has no document id list !
2024-09-20 02:49:06,354 [WARN] DbBoards:127 - board STM32H743I-EVAL2 has no document id list !
2024-09-20 02:49:06,354 [WARN] DbBoards:127 - board STM32H747I-DISC1 has no document id list !
2024-09-20 02:49:06,354 [WARN] DbBoards:127 - board STM32H753I-EVAL2 has no document id list !
2024-09-20 02:49:06,354 [WARN] DbBoards:127 - board STM32L-DISCOVERY has no document id list !
2024-09-20 02:49:06,377 [ERROR] DbBoards:189 - Image file not found for board B-L462E-CELL1: C:\ST\STM32CubeIDE_1.4.0\STM32CubeIDE\plugins\com.st.stm32cube.common.mx_6.0.0.202007160824\\db\/plugins/mcufinder/images/boards/B-L462E-CELL1_small.jpg
2024-09-20 02:49:06,394 [ERROR] DbBoards:189 - Image file not found for board B-U585I-IOT02A: C:\ST\STM32CubeIDE_1.4.0\STM32CubeIDE\plugins\com.st.stm32cube.common.mx_6.0.0.202007160824\\db\/plugins/mcufinder/images/boards/B-U585I-IOT02A_small.jpg
2024-09-20 02:49:06,435 [ERROR] DbBoards:189 - Image file not found for board NUCLEO-F413ZH: C:\ST\STM32CubeIDE_1.4.0\STM32CubeIDE\plugins\com.st.stm32cube.common.mx_6.0.0.202007160824\\db\/plugins/mcufinder/images/boards/nucleo-f413zh_small.jpg
2024-09-20 02:49:06,525 [ERROR] DbBoards:189 - Image file not found for board NUCLEO-L552ZE-Q: C:\ST\STM32CubeIDE_1.4.0\STM32CubeIDE\plugins\com.st.stm32cube.common.mx_6.0.0.202007160824\\db\/plugins/mcufinder/images/boards/nucleo_l552ze_q_small.jpg
2024-09-20 02:49:06,525 [ERROR] DbBoards:189 - Image file not found for board NUCLEO-U575ZI-Q: C:\ST\STM32CubeIDE_1.4.0\STM32CubeIDE\plugins\com.st.stm32cube.common.mx_6.0.0.202007160824\\db\/plugins/mcufinder/images/boards/nucleo-u575zi-q_small.jpg
2024-09-20 02:49:06,525 [ERROR] DbBoards:189 - Image file not found for board NUCLEO-WB15CC: C:\ST\STM32CubeIDE_1.4.0\STM32CubeIDE\plugins\com.st.stm32cube.common.mx_6.0.0.202007160824\\db\/plugins/mcufinder/images/boards/nucleo-wb15cc_small.jpg
2024-09-20 02:49:06,525 [ERROR] DbBoards:189 - Image file not found for board NUCLEO-WB55RG: C:\ST\STM32CubeIDE_1.4.0\STM32CubeIDE\plugins\com.st.stm32cube.common.mx_6.0.0.202007160824\\db\/plugins/mcufinder/images/boards/nucleo-wb55rg_small.jpg
2024-09-20 02:49:06,525 [ERROR] DbBoards:189 - Image file not found for board NUCLEO-WL55JC: C:\ST\STM32CubeIDE_1.4.0\STM32CubeIDE\plugins\com.st.stm32cube.common.mx_6.0.0.202007160824\\db\/plugins/mcufinder/images/boards/nucleo-wl55jc-small.jpg
2024-09-20 02:49:06,595 [ERROR] DbBoards:189 - Image file not found for board STEVAL-STWINKT1B: C:\ST\STM32CubeIDE_1.4.0\STM32CubeIDE\plugins\com.st.stm32cube.common.mx_6.0.0.202007160824\\db\/plugins/mcufinder/images/boards/steval-stwinkt1b_small.jpg
2024-09-20 02:49:06,725 [ERROR] DbBoards:189 - Image file not found for board STM32G0C1E-EV: C:\ST\STM32CubeIDE_1.4.0\STM32CubeIDE\plugins\com.st.stm32cube.common.mx_6.0.0.202007160824\\db\/plugins/mcufinder/images/boards/stm32g0c1e-eval_small.jpg
2024-09-20 02:49:06,775 [ERROR] DbBoards:189 - Image file not found for board STM32H7B3I-EVAL: C:\ST\STM32CubeIDE_1.4.0\STM32CubeIDE\plugins\com.st.stm32cube.common.mx_6.0.0.202007160824\\db\/plugins/mcufinder/images/boards/stm32h7b3ieval_small.jpg
2024-09-20 02:49:06,856 [ERROR] DbBoards:189 - Image file not found for board STM32U575I-EV: C:\ST\STM32CubeIDE_1.4.0\STM32CubeIDE\plugins\com.st.stm32cube.common.mx_6.0.0.202007160824\\db\/plugins/mcufinder/images/boards/stm32u575i-ev_small.jpg
2024-09-20 02:49:06,866 [ERROR] DbBoards:189 - Image file not found for board STM32WB5MM-DK: C:\ST\STM32CubeIDE_1.4.0\STM32CubeIDE\plugins\com.st.stm32cube.common.mx_6.0.0.202007160824\\db\/plugins/mcufinder/images/boards/STM32WB5MM-DK_small.jpg
2024-09-20 02:49:06,866 [INFO] ApiDb:201 - Load user favorites file C:\Users\mahmoud eldawakhly/.stm32cubemx/favorites.boards.txt: 0 item(s)
2024-09-20 02:49:06,866 [INFO] ApiDb:205 - User favorites Boards=[]
2024-09-20 02:49:06,866 [INFO] DbBoards:206 - Set 0 / 0 favorites Boards
2024-09-20 02:49:06,970 [INFO] DbExamplesSqlite:156 - SQLite db open (C:\Users\mahmoud eldawakhly\.stmcufinder\plugins\mcufinder\mcu\cube-finder-db.db)
2024-09-20 02:49:07,536 [INFO] DbExamplesSqlite:447 - Ignored 0 examples not supported by CubeIDE
2024-09-20 02:49:07,536 [INFO] DbExamplesSqlite:448 - Found 8614 examples active
2024-09-20 02:49:07,536 [INFO] DbExamplesSqlite:449 - Found 0 examples obsolete
2024-09-20 02:49:07,536 [INFO] DbExamplesSqlite:450 - Found 0 examples under development
2024-09-20 02:49:07,536 [INFO] DbExamplesSqlite:451 - Found 10 examples not building
2024-09-20 02:49:07,579 [INFO] DbExamplesSqlite:130 - SQLite Data Model version=2.1
2024-09-20 02:49:07,579 [INFO] DbExamplesSqlite:131 - SQLite Configuration version=3.0.39
2024-09-20 02:49:07,579 [INFO] DbExamplesSqlite:132 - SQLite generation date=2024-09-16 (1726485674)
2024-09-20 02:49:07,579 [INFO] DbExamplesSqlite:133 - SQLite FW Pack versions=[FP-ATR-ASTRA1_V2.0.0, FP-SNS-FLIGHT1_V5.0.2, FP-SNS-MOTENV1_V5.0.0, FP-SNS-MOTENVWB1_V1.4.0, FP-SNS-SMARTAG2_V1.2.0, FP-SNS-STBOX1_V2.0.0, STM32Cube_FW_C0_V1.2.0, STM32Cube_FW_F4_V1.28.1, STM32Cube_FW_F7_V1.17.2, STM32Cube_FW_G0_V1.6.2, STM32Cube_FW_G4_V1.6.0, STM32Cube_FW_H5_V1.3.0, STM32Cube_FW_H7RS_V1.1.0, STM32Cube_FW_H7_V1.11.2, STM32Cube_FW_L0_V1.12.2, STM32Cube_FW_L5_V1.5.1, STM32Cube_FW_U0_V1.1.0, STM32Cube_FW_U5_V1.6.0, STM32Cube_FW_WB0_V1.0.0, STM32Cube_FW_WBA_V1.4.1, STM32Cube_FW_WB_V1.20.0, STM32Cube_FW_WL_V1.3.0, X-CUBE-ALGOBUILD_V1.4.0, X-CUBE-ALS_V1.0.2, X-CUBE-AZRTOS-F4_V1.1.0, X-CUBE-AZRTOS-F7_V1.1.0, X-CUBE-AZRTOS-G0_V1.1.0, X-CUBE-AZRTOS-G4_V2.0.0, X-CUBE-AZRTOS-H7RS_V1.0.0, X-CUBE-AZRTOS-H7_V3.2.0, X-CUBE-AZRTOS-L4_V2.0.0, X-CUBE-AZRTOS-L5_V2.0.0, X-CUBE-AZRTOS-WB_V2.0.0, X-CUBE-AZRTOS-WL_V2.0.0, X-CUBE-BLE1_V7.0.0, X-CUBE-BLE2_V3.3.0, X-CUBE-BLEMGR_V3.1.0, X-CUBE-EEPRMA1_V5.1.0, X-CUBE-FREERTOS_V1.2.0, X-CUBE-GNSS1_V6.0.0, X-CUBE-MEMS1_V11.0.0, X-CUBE-NFC4_V3.0.0, X-CUBE-NFC7_V1.0.1, X-CUBE-SFXS2LP1_V4.0.0, X-CUBE-SUBG2_V5.0.0, X-CUBE-TOF1_V3.4.2]
2024-09-20 02:49:07,579 [INFO] DbExamples:123 - Found 8624 examples
2024-09-20 02:49:07,897 [ERROR] DbExamples:199 - Found 8624 examples with invalid data (board or MCU)
2024-09-20 02:49:07,897 [INFO] DbExamples:215 - Found 78 boards with related examples
2024-09-20 02:49:07,897 [INFO] DbExamples:228 - Found 0 MCUs with related examples
2024-09-20 02:49:07,917 [INFO] ApiDb:192 - User favorites file not found: C:\Users\mahmoud eldawakhly/.stm32cubemx/favorites.examples.txt
2024-09-20 02:49:07,917 [INFO] DbExamples:249 - Set 0 / 0 favorites Examples
2024-09-20 02:49:08,002 [INFO] McuFinderGlobals:40 - Set McuFinder mode to 2 (CubeIDE integrated)
2024-09-20 02:49:08,102 [INFO] CrossSelectorPresenter:1330 - Cross Selector saved comparison directory: C:\Users\mahmoud eldawakhly\.stmcufinder\plugins\mcufinder\mcu\cs_comparisons_mx
2024-09-20 02:49:08,102 [INFO] MultiScanPanel:193 - Auto-refresh data requested => check proxy status ongoing
2024-09-20 02:49:08,102 [INFO] FinderPluginLoader:87 - Searching for filters in installed packs
2024-09-20 02:49:08,393 [INFO] LoadUrlFilesThread:162 - End of LoadServerUrlFiles without Thread
2024-09-20 02:49:08,423 [INFO] DetailPanel:331 - Set advertising image to C:/Users/mahmoud eldawakhly/STM32Cube/Repository/\stm32cubemx-promo_image.jpg
2024-09-20 02:49:08,684 [INFO] McuFilterPanel:245 - Update 0 favorites MCUs
2024-09-20 02:49:12,596 [INFO] MultiScanPanel:193 - Auto-refresh data requested => check proxy status ongoing
2024-09-20 02:49:12,626 [INFO] LoadUrlFilesThread:162 - End of LoadServerUrlFiles without Thread
2024-09-20 02:49:12,626 [INFO] DetailPanel:331 - Set advertising image to C:/Users/mahmoud eldawakhly/STM32Cube/Repository/\stm32cubemx-promo_image.jpg
2024-09-20 02:49:12,646 [INFO] BoardFilterPanel:214 - Update 0 favorites Boards
2024-09-20 02:49:13,845 [INFO] MultiScanPanel:193 - Auto-refresh data requested => check proxy status ongoing
2024-09-20 02:49:14,839 [INFO] LoadUrlFilesThread:162 - End of LoadServerUrlFiles without Thread
2024-09-20 02:49:14,839 [INFO] DetailPanel:331 - Set advertising image to C:/Users/mahmoud eldawakhly/STM32Cube/Repository/\stm32cubemx-promo_image.jpg
2024-09-20 02:49:15,997 [INFO] ExampleFilterPanel:266 - Update 0 favorites Examples
2024-09-20 02:49:23,359 [INFO] CrossReferenceDbSqlite:236 - SQLite db open (C:\Users\mahmoud eldawakhly\.stmcufinder\plugins\mcufinder\mcu\cs\crdb.db)
2024-09-20 02:49:26,619 [INFO] ApiDb:226 - Save user favorites file C:\Users\mahmoud eldawakhly/.stm32cubeide/favorites.mcus.txt: 0 item(s)
2024-09-20 02:49:26,619 [INFO] ApiDb:230 - User favorites MCUs=[]
2024-09-20 02:49:26,629 [INFO] ApiDb:226 - Save user favorites file C:\Users\mahmoud eldawakhly/.stm32cubeide/favorites.boards.txt: 0 item(s)
2024-09-20 02:49:26,629 [INFO] ApiDb:230 - User favorites Boards=[]
2024-09-20 02:49:26,629 [INFO] ApiDb:226 - Save user favorites file C:\Users\mahmoud eldawakhly/.stm32cubeide/favorites.examples.txt: 0 item(s)
2024-09-20 02:49:26,629 [INFO] ApiDb:230 - User favorites Examples=[]
2024-09-20 02:49:36,445 [INFO] MainUpdater:2268 - connection check result : 10
2024-09-20 02:49:36,515 [INFO] McuFinderGlobals:40 - Set McuFinder mode to 2 (CubeIDE integrated)
2024-09-20 02:49:36,535 [INFO] CrossSelectorPresenter:1330 - Cross Selector saved comparison directory: C:\Users\mahmoud eldawakhly\.stmcufinder\plugins\mcufinder\mcu\cs_comparisons_mx
2024-09-20 02:49:36,535 [INFO] MultiScanPanel:193 - Auto-refresh data requested => check proxy status ongoing
2024-09-20 02:49:36,535 [INFO] FinderPluginLoader:87 - Searching for filters in installed packs
2024-09-20 02:49:36,656 [INFO] LoadUrlFilesThread:162 - End of LoadServerUrlFiles without Thread
2024-09-20 02:49:36,656 [INFO] DetailPanel:331 - Set advertising image to C:/Users/mahmoud eldawakhly/STM32Cube/Repository/\stm32cubemx-promo_image.jpg
2024-09-20 02:49:36,827 [INFO] McuFilterPanel:245 - Update 0 favorites MCUs
2024-09-20 02:49:40,280 [INFO] MultiScanPanel:193 - Auto-refresh data requested => check proxy status ongoing
2024-09-20 02:49:40,290 [INFO] LoadUrlFilesThread:162 - End of LoadServerUrlFiles without Thread
2024-09-20 02:49:40,290 [INFO] DetailPanel:331 - Set advertising image to C:/Users/mahmoud eldawakhly/STM32Cube/Repository/\stm32cubemx-promo_image.jpg
2024-09-20 02:49:40,300 [INFO] BoardFilterPanel:214 - Update 0 favorites Boards
2024-09-20 02:49:41,736 [INFO] MultiScanPanel:193 - Auto-refresh data requested => check proxy status ongoing
2024-09-20 02:49:41,736 [INFO] DbExamplesSqlite:156 - SQLite db open (C:\Users\mahmoud eldawakhly\.stmcufinder\plugins\mcufinder\mcu\cube-finder-db.db)
2024-09-20 02:49:42,308 [INFO] DbExamplesSqlite:447 - Ignored 28 examples not supported by CubeIDE
2024-09-20 02:49:42,308 [INFO] DbExamplesSqlite:448 - Found 8614 examples active
2024-09-20 02:49:42,308 [INFO] DbExamplesSqlite:449 - Found 0 examples obsolete
2024-09-20 02:49:42,308 [INFO] DbExamplesSqlite:450 - Found 0 examples under development
2024-09-20 02:49:42,308 [INFO] DbExamplesSqlite:451 - Found 10 examples not building
2024-09-20 02:49:42,359 [INFO] DbExamplesSqlite:130 - SQLite Data Model version=2.1
2024-09-20 02:49:42,359 [INFO] DbExamplesSqlite:131 - SQLite Configuration version=3.0.39
2024-09-20 02:49:42,359 [INFO] DbExamplesSqlite:132 - SQLite generation date=2024-09-16 (1726485674)
2024-09-20 02:49:42,359 [INFO] DbExamplesSqlite:133 - SQLite FW Pack versions=[FP-ATR-ASTRA1_V2.0.0, FP-SNS-FLIGHT1_V5.0.2, FP-SNS-MOTENV1_V5.0.0, FP-SNS-MOTENVWB1_V1.4.0, FP-SNS-SMARTAG2_V1.2.0, FP-SNS-STBOX1_V2.0.0, STM32Cube_FW_C0_V1.2.0, STM32Cube_FW_F4_V1.28.1, STM32Cube_FW_F7_V1.17.2, STM32Cube_FW_G0_V1.6.2, STM32Cube_FW_G4_V1.6.0, STM32Cube_FW_H5_V1.3.0, STM32Cube_FW_H7RS_V1.1.0, STM32Cube_FW_H7_V1.11.2, STM32Cube_FW_L0_V1.12.2, STM32Cube_FW_L5_V1.5.1, STM32Cube_FW_U0_V1.1.0, STM32Cube_FW_U5_V1.6.0, STM32Cube_FW_WB0_V1.0.0, STM32Cube_FW_WBA_V1.4.1, STM32Cube_FW_WB_V1.20.0, STM32Cube_FW_WL_V1.3.0, X-CUBE-ALGOBUILD_V1.4.0, X-CUBE-ALS_V1.0.2, X-CUBE-AZRTOS-F4_V1.1.0, X-CUBE-AZRTOS-F7_V1.1.0, X-CUBE-AZRTOS-G0_V1.1.0, X-CUBE-AZRTOS-G4_V2.0.0, X-CUBE-AZRTOS-H7RS_V1.0.0, X-CUBE-AZRTOS-H7_V3.2.0, X-CUBE-AZRTOS-L4_V2.0.0, X-CUBE-AZRTOS-L5_V2.0.0, X-CUBE-AZRTOS-WB_V2.0.0, X-CUBE-AZRTOS-WL_V2.0.0, X-CUBE-BLE1_V7.0.0, X-CUBE-BLE2_V3.3.0, X-CUBE-BLEMGR_V3.1.0, X-CUBE-EEPRMA1_V5.1.0, X-CUBE-FREERTOS_V1.2.0, X-CUBE-GNSS1_V6.0.0, X-CUBE-MEMS1_V11.0.0, X-CUBE-NFC4_V3.0.0, X-CUBE-NFC7_V1.0.1, X-CUBE-SFXS2LP1_V4.0.0, X-CUBE-SUBG2_V5.0.0, X-CUBE-TOF1_V3.4.2]
2024-09-20 02:49:42,359 [INFO] DbExamples:123 - Found 8596 examples
2024-09-20 02:49:42,759 [ERROR] DbExamples:199 - Found 8596 examples with invalid data (board or MCU)
2024-09-20 02:49:42,759 [INFO] DbExamples:215 - Found 78 boards with related examples
2024-09-20 02:49:42,759 [INFO] DbExamples:228 - Found 0 MCUs with related examples
2024-09-20 02:49:42,769 [INFO] ApiDb:201 - Load user favorites file C:\Users\mahmoud eldawakhly/.stm32cubeide/favorites.examples.txt: 0 item(s)
2024-09-20 02:49:42,769 [INFO] ApiDb:205 - User favorites Examples=[]
2024-09-20 02:49:42,769 [INFO] DbExamples:249 - Set 0 / 0 favorites Examples
2024-09-20 02:49:43,907 [INFO] LoadUrlFilesThread:162 - End of LoadServerUrlFiles without Thread
2024-09-20 02:49:43,907 [INFO] DetailPanel:331 - Set advertising image to C:/Users/mahmoud eldawakhly/STM32Cube/Repository/\stm32cubemx-promo_image.jpg
2024-09-20 02:49:44,777 [INFO] ExampleFilterPanel:266 - Update 0 favorites Examples
2024-09-20 02:49:44,817 [INFO] ApiDb:226 - Save user favorites file C:\Users\mahmoud eldawakhly/.stm32cubeide/favorites.mcus.txt: 0 item(s)
2024-09-20 02:49:44,817 [INFO] ApiDb:230 - User favorites MCUs=[]
2024-09-20 02:49:44,827 [INFO] ApiDb:226 - Save user favorites file C:\Users\mahmoud eldawakhly/.stm32cubeide/favorites.boards.txt: 0 item(s)
2024-09-20 02:49:44,827 [INFO] ApiDb:230 - User favorites Boards=[]
2024-09-20 02:49:44,827 [INFO] ApiDb:226 - Save user favorites file C:\Users\mahmoud eldawakhly/.stm32cubeide/favorites.examples.txt: 0 item(s)
2024-09-20 02:49:44,827 [INFO] ApiDb:230 - User favorites Examples=[]
2024-09-20 02:49:45,634 [ERROR] DbExamplesSqlite:633 - SQL statement error: database connection closed
2024-09-20 02:49:45,634 [INFO] DbExamplesSqlite:156 - SQLite db open (C:\Users\mahmoud eldawakhly\.stmcufinder\plugins\mcufinder\mcu\cube-finder-db.db)
2024-09-20 02:49:45,639 [ERROR] DbExamplesSqlite:453 - SQL statement error: [SQLITE_ERROR] SQL error or missing database (no such column: cha_project_type.strValue)
2024-09-20 02:49:45,684 [INFO] DbExamplesSqlite:130 - SQLite Data Model version=2.1
2024-09-20 02:49:45,684 [INFO] DbExamplesSqlite:131 - SQLite Configuration version=3.0.39
2024-09-20 02:49:45,684 [INFO] DbExamplesSqlite:132 - SQLite generation date=2024-09-16 (1726485674)
2024-09-20 02:49:45,684 [INFO] DbExamplesSqlite:133 - SQLite FW Pack versions=[FP-ATR-ASTRA1_V2.0.0, FP-SNS-FLIGHT1_V5.0.2, FP-SNS-MOTENV1_V5.0.0, FP-SNS-MOTENVWB1_V1.4.0, FP-SNS-SMARTAG2_V1.2.0, FP-SNS-STBOX1_V2.0.0, STM32Cube_FW_C0_V1.2.0, STM32Cube_FW_F4_V1.28.1, STM32Cube_FW_F7_V1.17.2, STM32Cube_FW_G0_V1.6.2, STM32Cube_FW_G4_V1.6.0, STM32Cube_FW_H5_V1.3.0, STM32Cube_FW_H7RS_V1.1.0, STM32Cube_FW_H7_V1.11.2, STM32Cube_FW_L0_V1.12.2, STM32Cube_FW_L5_V1.5.1, STM32Cube_FW_U0_V1.1.0, STM32Cube_FW_U5_V1.6.0, STM32Cube_FW_WB0_V1.0.0, STM32Cube_FW_WBA_V1.4.1, STM32Cube_FW_WB_V1.20.0, STM32Cube_FW_WL_V1.3.0, X-CUBE-ALGOBUILD_V1.4.0, X-CUBE-ALS_V1.0.2, X-CUBE-AZRTOS-F4_V1.1.0, X-CUBE-AZRTOS-F7_V1.1.0, X-CUBE-AZRTOS-G0_V1.1.0, X-CUBE-AZRTOS-G4_V2.0.0, X-CUBE-AZRTOS-H7RS_V1.0.0, X-CUBE-AZRTOS-H7_V3.2.0, X-CUBE-AZRTOS-L4_V2.0.0, X-CUBE-AZRTOS-L5_V2.0.0, X-CUBE-AZRTOS-WB_V2.0.0, X-CUBE-AZRTOS-WL_V2.0.0, X-CUBE-BLE1_V7.0.0, X-CUBE-BLE2_V3.3.0, X-CUBE-BLEMGR_V3.1.0, X-CUBE-EEPRMA1_V5.1.0, X-CUBE-FREERTOS_V1.2.0, X-CUBE-GNSS1_V6.0.0, X-CUBE-MEMS1_V11.0.0, X-CUBE-NFC4_V3.0.0, X-CUBE-NFC7_V1.0.1, X-CUBE-SFXS2LP1_V4.0.0, X-CUBE-SUBG2_V5.0.0, X-CUBE-TOF1_V3.4.2]
2024-09-20 02:49:45,684 [INFO] DbExamples:123 - Found 0 examples
2024-09-20 02:49:45,684 [INFO] DbExamples:215 - Found 0 boards with related examples
2024-09-20 02:49:45,684 [INFO] DbExamples:228 - Found 0 MCUs with related examples
2024-09-20 02:49:45,684 [INFO] ApiDb:201 - Load user favorites file C:\Users\mahmoud eldawakhly/.stm32cubeide/favorites.examples.txt: 0 item(s)
2024-09-20 02:49:45,684 [INFO] ApiDb:205 - User favorites Examples=[]
2024-09-20 02:49:45,684 [INFO] DbExamples:249 - Set 0 / 0 favorites Examples
2024-09-20 02:49:52,401 [INFO] MainUpdater:2268 - connection check result : 10
2024-09-20 02:49:52,461 [INFO] McuFinderGlobals:40 - Set McuFinder mode to 2 (CubeIDE integrated)
2024-09-20 02:49:52,461 [INFO] CrossSelectorPresenter:1330 - Cross Selector saved comparison directory: C:\Users\mahmoud eldawakhly\.stmcufinder\plugins\mcufinder\mcu\cs_comparisons_mx
2024-09-20 02:49:52,461 [INFO] MultiScanPanel:193 - Auto-refresh data requested => check proxy status ongoing
2024-09-20 02:49:52,461 [INFO] FinderPluginLoader:87 - Searching for filters in installed packs
2024-09-20 02:49:52,562 [INFO] LoadUrlFilesThread:162 - End of LoadServerUrlFiles without Thread
2024-09-20 02:49:52,562 [INFO] DetailPanel:331 - Set advertising image to C:/Users/mahmoud eldawakhly/STM32Cube/Repository/\stm32cubemx-promo_image.jpg
2024-09-20 02:49:52,843 [INFO] McuFilterPanel:245 - Update 0 favorites MCUs
2024-09-20 02:50:04,648 [INFO] MainUpdater:2268 - connection check result : 10
2024-09-20 02:50:04,728 [INFO] McuFinderGlobals:40 - Set McuFinder mode to 2 (CubeIDE integrated)
2024-09-20 02:50:04,738 [INFO] CrossSelectorPresenter:1330 - Cross Selector saved comparison directory: C:\Users\mahmoud eldawakhly\.stmcufinder\plugins\mcufinder\mcu\cs_comparisons_mx
2024-09-20 02:50:04,738 [INFO] MultiScanPanel:193 - Auto-refresh data requested => check proxy status ongoing
2024-09-20 02:50:04,738 [INFO] FinderPluginLoader:87 - Searching for filters in installed packs
2024-09-20 02:50:04,858 [INFO] LoadUrlFilesThread:162 - End of LoadServerUrlFiles without Thread
2024-09-20 02:50:04,858 [INFO] DetailPanel:331 - Set advertising image to C:/Users/mahmoud eldawakhly/STM32Cube/Repository/\stm32cubemx-promo_image.jpg
2024-09-20 02:50:04,978 [INFO] McuFilterPanel:245 - Update 0 favorites MCUs
2024-09-20 02:50:56,569 [INFO] MultiScanPanel:193 - Auto-refresh data requested => check proxy status ongoing
2024-09-20 02:50:56,579 [INFO] LoadUrlFilesThread:162 - End of LoadServerUrlFiles without Thread
2024-09-20 02:50:56,579 [INFO] DetailPanel:331 - Set advertising image to C:/Users/mahmoud eldawakhly/STM32Cube/Repository/\stm32cubemx-promo_image.jpg
2024-09-20 02:50:56,579 [INFO] BoardFilterPanel:214 - Update 0 favorites Boards
2024-09-20 02:53:08,484 [INFO] LogOutputStream:76 - [STDOUT_REDIRECT] withoutVersionV1.8.4
2024-09-20 02:53:08,484 [INFO] LogOutputStream:76 - [STDOUT_REDIRECT] withoutVersionV1.8.3
2024-09-20 02:53:08,484 [INFO] LogOutputStream:76 - [STDOUT_REDIRECT] withoutVersionV1.8.2
2024-09-20 02:53:08,484 [INFO] LogOutputStream:76 - [STDOUT_REDIRECT] withoutVersionV1.8.1
2024-09-20 02:53:08,484 [INFO] LogOutputStream:76 - [STDOUT_REDIRECT] withoutVersionV1.8.0
2024-09-20 02:53:13,295 [INFO] ApiDb:226 - Save user favorites file C:\Users\mahmoud eldawakhly/.stm32cubeide/favorites.mcus.txt: 0 item(s)
2024-09-20 02:53:13,295 [INFO] ApiDb:230 - User favorites MCUs=[]
2024-09-20 02:53:13,295 [INFO] ApiDb:226 - Save user favorites file C:\Users\mahmoud eldawakhly/.stm32cubeide/favorites.boards.txt: 0 item(s)
2024-09-20 02:53:13,295 [INFO] ApiDb:230 - User favorites Boards=[]
2024-09-20 02:53:14,385 [ERROR] LogOutputStream:74 - [STDERR_REDIRECT] [Fatal Error] :1:1: Premature end of file.
2024-09-20 02:53:14,385 [ERROR] LogOutputStream:74 - [STDERR_REDIRECT] 
2024-09-20 02:53:14,455 [ERROR] LogOutputStream:74 - [STDERR_REDIRECT] [Fatal Error] :1:1: Premature end of file.
2024-09-20 02:53:14,455 [ERROR] LogOutputStream:74 - [STDERR_REDIRECT] 
2024-09-20 02:53:14,526 [ERROR] LogOutputStream:74 - [STDERR_REDIRECT] [Fatal Error] :1:1: Premature end of file.
2024-09-20 02:53:14,526 [ERROR] LogOutputStream:74 - [STDERR_REDIRECT] 
2024-09-20 02:53:14,607 [ERROR] LogOutputStream:74 - [STDERR_REDIRECT] [Fatal Error] :1:1: Premature end of file.
2024-09-20 02:53:14,607 [ERROR] LogOutputStream:74 - [STDERR_REDIRECT] 
2024-09-20 02:53:14,675 [ERROR] LogOutputStream:74 - [STDERR_REDIRECT] [Fatal Error] :1:1: Premature end of file.
2024-09-20 02:53:14,675 [ERROR] LogOutputStream:74 - [STDERR_REDIRECT] 
2024-09-20 02:53:14,739 [ERROR] LogOutputStream:74 - [STDERR_REDIRECT] [Fatal Error] :1:1: Premature end of file.
2024-09-20 02:53:14,739 [ERROR] LogOutputStream:74 - [STDERR_REDIRECT] 
2024-09-20 02:53:14,801 [ERROR] LogOutputStream:74 - [STDERR_REDIRECT] [Fatal Error] :1:1: Premature end of file.
2024-09-20 02:53:14,810 [ERROR] LogOutputStream:74 - [STDERR_REDIRECT] 
2024-09-20 02:53:14,871 [ERROR] LogOutputStream:74 - [STDERR_REDIRECT] [Fatal Error] :1:1: Premature end of file.
2024-09-20 02:53:14,871 [ERROR] LogOutputStream:74 - [STDERR_REDIRECT] 
2024-09-20 02:53:14,931 [ERROR] LogOutputStream:74 - [STDERR_REDIRECT] [Fatal Error] :1:1: Premature end of file.
2024-09-20 02:53:14,941 [ERROR] LogOutputStream:74 - [STDERR_REDIRECT] 
2024-09-20 02:53:15,963 [ERROR] LogOutputStream:74 - [STDERR_REDIRECT] [Fatal Error] :1:1: Premature end of file.
2024-09-20 02:53:15,963 [ERROR] LogOutputStream:74 - [STDERR_REDIRECT] 
2024-09-20 02:53:16,042 [ERROR] LogOutputStream:74 - [STDERR_REDIRECT] [Fatal Error] :1:1: Premature end of file.
2024-09-20 02:53:16,042 [ERROR] LogOutputStream:74 - [STDERR_REDIRECT] 
2024-09-20 02:53:16,113 [ERROR] LogOutputStream:74 - [STDERR_REDIRECT] [Fatal Error] :1:1: Premature end of file.
2024-09-20 02:53:16,113 [ERROR] LogOutputStream:74 - [STDERR_REDIRECT] 
2024-09-20 22:15:10,684 [ERROR] LogOutputStream:74 - [STDERR_REDIRECT] [Fatal Error] :1:1: Premature end of file.
2024-09-20 22:15:10,684 [ERROR] LogOutputStream:74 - [STDERR_REDIRECT] 
2024-09-20 22:15:10,764 [ERROR] LogOutputStream:74 - [STDERR_REDIRECT] [Fatal Error] :1:1: Premature end of file.
2024-09-20 22:15:10,764 [ERROR] LogOutputStream:74 - [STDERR_REDIRECT] 
2024-09-20 22:15:10,862 [ERROR] LogOutputStream:74 - [STDERR_REDIRECT] [Fatal Error] :1:1: Premature end of file.
2024-09-20 22:15:10,862 [ERROR] LogOutputStream:74 - [STDERR_REDIRECT] 
2024-09-22 09:17:26,300 [ERROR] LogOutputStream:74 - [STDERR_REDIRECT] [Fatal Error] :1:1: Premature end of file.
2024-09-22 09:17:26,300 [ERROR] LogOutputStream:74 - [STDERR_REDIRECT] 
2024-09-22 09:17:26,361 [ERROR] LogOutputStream:74 - [STDERR_REDIRECT] [Fatal Error] :1:1: Premature end of file.
2024-09-22 09:17:26,361 [ERROR] LogOutputStream:74 - [STDERR_REDIRECT] 
2024-09-22 09:17:26,432 [ERROR] LogOutputStream:74 - [STDERR_REDIRECT] [Fatal Error] :1:1: Premature end of file.
2024-09-22 09:17:26,432 [ERROR] LogOutputStream:74 - [STDERR_REDIRECT] 
2024-09-22 09:17:27,093 [INFO] ApiDb:226 - Save user favorites file C:\Users\mahmoud eldawakhly/.stm32cubeide/favorites.mcus.txt: 0 item(s)
2024-09-22 09:17:27,103 [INFO] ApiDb:230 - User favorites MCUs=[]
2024-09-22 09:17:27,103 [INFO] ApiDb:226 - Save user favorites file C:\Users\mahmoud eldawakhly/.stm32cubeide/favorites.boards.txt: 0 item(s)
2024-09-22 09:17:27,103 [INFO] ApiDb:230 - User favorites Boards=[]
